app/build/outputs/logs/manifest-merger-debug-report.txt
-- Merging decision tree log ---
manifest
ADDED from src\main\AndroidManifest.xml:2:1-16:12
	package
		ADDED from src\main\AndroidManifest.xml:3:5-33
		INJECTED from src\main\AndroidManifest.xml
		INJECTED from src\main\AndroidManifest.xml
	android:versionName
		ADDED from src\main\AndroidManifest.xml:5:5-30
		INJECTED from src\main\AndroidManifest.xml
		INJECTED from src\main\AndroidManifest.xml
	android:versionCode
		ADDED from src\main\AndroidManifest.xml:4:5-28
		INJECTED from src\main\AndroidManifest.xml
		INJECTED from src\main\AndroidManifest.xml
	xmlns:android
		ADDED from src\main\AndroidManifest.xml:2:11-69
application
ADDED from src\main\AndroidManifest.xml:6:2-14:16
	android:label
		ADDED from src\main\AndroidManifest.xml:6:45-77
	android:icon
		ADDED from src\main\AndroidManifest.xml:6:15-44
activity#com.sudoku.example.SudokuGame
ADDED from src\main\AndroidManifest.xml:7:3-12:14
	android:label
		ADDED from src\main\AndroidManifest.xml:7:40-72
	android:name
		ADDED from src\main\AndroidManifest.xml:7:13-39
intent-filter#android.intent.action.MAIN+android.intent.category.LAUNCHER
ADDED from src\main\AndroidManifest.xml:8:4-11:20
action#android.intent.action.MAIN
ADDED from src\main\AndroidManifest.xml:9:5-57
	android:name
		ADDED from src\main\AndroidManifest.xml:9:13-54
category#android.intent.category.LAUNCHER
ADDED from src\main\AndroidManifest.xml:10:5-65
	android:name
		ADDED from src\main\AndroidManifest.xml:10:15-62
activity#com.sudoku.example.GameGenerator
ADDED from src\main\AndroidManifest.xml:13:3-80
	android:label
		ADDED from src\main\AndroidManifest.xml:13:43-77
	android:name
		ADDED from src\main\AndroidManifest.xml:13:13-42
uses-sdk
ADDED from src\main\AndroidManifest.xml:15:2-40
	android:targetSdkVersion
		INJECTED from src\main\AndroidManifest.xml
		INJECTED from src\main\AndroidManifest.xml
	android:minSdkVersion
		ADDED from src\main\AndroidManifest.xml:15:12-37
		INJECTED from src\main\AndroidManifest.xml
		INJECTED from src\main\AndroidManifest.xml